2025-04-12 19:47:24,536 - INFO - Bắt đầu tìm kiếm và xử lý bài viết cho các danh mục (tối đa 2 bài/danh mục)
2025-04-12 19:47:24,536 - INFO - Fetching categories from backend: http://localhost:8000/api/categories
2025-04-12 19:47:26,699 - INFO - Found category: ID: 1, Name: Công nghệ, Slug: cong-nghe
2025-04-12 19:47:26,715 - INFO - Found category: ID: 2, Name: Kinh doanh, Slug: kinh-doanh
2025-04-12 19:47:26,715 - INFO - Found category: ID: 3, Name: Giải trí, Slug: giai-tri
2025-04-12 19:47:26,715 - INFO - Found category: ID: 4, Name: Thể thao, Slug: the-thao
2025-04-12 19:47:26,715 - INFO - Found category: ID: 6, Name: Kinh tế, Slug: kinh-te
2025-04-12 19:47:26,715 - INFO - Successfully fetched 5 categories from backend
2025-04-12 19:47:26,715 - INFO - Tìm thấy 5 danh mục từ backend
2025-04-12 19:47:26,715 - INFO - Tìm kiếm bài viết thứ 1/2 cho danh mục: Công nghệ
2025-04-12 19:47:26,715 - INFO - Fetching category with ID 1 from backend
2025-04-12 19:47:28,855 - INFO - Successfully fetched category: Công nghệ
2025-04-12 19:47:28,855 - INFO - Using category name 'Công nghệ' as search keyword
2025-04-12 19:47:28,855 - INFO - Searching for keyword: 'Công nghệ' and non-accented version: 'Cong nghe'
2025-04-12 19:47:28,855 - INFO - Trying to search with keyword: 'Công nghệ'
2025-04-12 19:47:28,855 - INFO - Using HTTP request method for: 'Công nghệ'
2025-04-12 19:47:28,855 - INFO - Searching with HTTP request: https://news.google.com/search?q=C%C3%B4ng+ngh%E1%BB%87+when%3A1d&hl=vi&gl=VN&ceid=VN:vi
2025-04-12 19:47:30,073 - INFO - Found 100 articles via HTTP request
2025-04-12 19:47:30,073 - INFO - Article 1: No title
2025-04-12 19:47:30,086 - INFO - Article 2: No title
2025-04-12 19:47:30,086 - INFO - Article 3: No title
2025-04-12 19:47:30,086 - INFO - Article 4: No title
2025-04-12 19:47:30,086 - INFO - Article 5: No title
2025-04-12 19:47:30,086 - INFO - Trying direct Google Search as it's more reliable
2025-04-12 19:47:30,086 - INFO - Searching with Google Search: https://www.google.com/search?q=C%C3%B4ng+ngh%E1%BB%87&tbm=nws
2025-04-12 19:47:30,750 - INFO - Saved Google Search response to google_search_response.html
2025-04-12 19:47:30,755 - INFO - Found 0 results with selector 'div.g a'
2025-04-12 19:47:30,755 - INFO - Found 15 results with selector 'a[href^="https://"]'
2025-04-12 19:47:30,755 - INFO - Found article URL from Google Search: https://vnexpress.net/bayer-va-siemens-healthineers-gioi-thieu-cong-nghe-chan-doan-hinh-anh-moi-4873217.html
2025-04-12 19:47:30,755 - INFO - Successfully found URL with HTTP request: https://vnexpress.net/bayer-va-siemens-healthineers-gioi-thieu-cong-nghe-chan-doan-hinh-anh-moi-4873217.html
2025-04-12 19:47:30,755 - INFO - Found article URL: https://vnexpress.net/bayer-va-siemens-healthineers-gioi-thieu-cong-nghe-chan-doan-hinh-anh-moi-4873217.html, extracting content...
2025-04-12 19:47:30,760 - INFO - Extracting content from: https://vnexpress.net/bayer-va-siemens-healthineers-gioi-thieu-cong-nghe-chan-doan-hinh-anh-moi-4873217.html
2025-04-12 19:47:30,760 - INFO - Detected domain: vnexpress.net
2025-04-12 19:47:30,889 - INFO - Using custom selectors for domain: vnexpress.net
2025-04-12 19:47:30,913 - INFO - Successfully extracted content using custom selectors (Title length: 73, Content length: 6430)
2025-04-12 19:47:30,913 - INFO - Successfully extracted content from URL: https://vnexpress.net/bayer-va-siemens-healthineers-gioi-thieu-cong-nghe-chan-doan-hinh-anh-moi-4873217.html
2025-04-12 19:47:30,913 - INFO - Title: Bayer và Siemens Healthineers giới thiệu công nghệ chẩn đoán hình ảnh mới
2025-04-12 19:47:30,913 - INFO - Content length: 6430
2025-04-12 19:47:30,913 - INFO - Saved article to JSON file: output/Công_nghệ_1_20250412_194730.json
2025-04-12 19:47:30,913 - INFO - Đã tìm thấy bài viết: Bayer và Siemens Healthineers giới thiệu công nghệ chẩn đoán hình ảnh mới
2025-04-12 19:47:30,913 - INFO - URL: https://vnexpress.net/bayer-va-siemens-healthineers-gioi-thieu-cong-nghe-chan-doan-hinh-anh-moi-4873217.html
2025-04-12 19:47:30,913 - INFO - Đã lưu vào: Không lưu file
2025-04-12 19:47:32,919 - INFO - Tìm kiếm bài viết thứ 2/2 cho danh mục: Công nghệ
2025-04-12 19:47:32,919 - INFO - Fetching category with ID 1 from backend
2025-04-12 19:47:35,042 - INFO - Successfully fetched category: Công nghệ
2025-04-12 19:47:35,042 - INFO - Using category name 'Công nghệ' as search keyword
2025-04-12 19:47:35,042 - INFO - Searching for keyword: 'Công nghệ' and non-accented version: 'Cong nghe'
2025-04-12 19:47:35,042 - INFO - Trying to search with keyword: 'Công nghệ'
2025-04-12 19:47:35,042 - INFO - Using HTTP request method for: 'Công nghệ'
2025-04-12 19:47:35,042 - INFO - Searching with HTTP request: https://news.google.com/search?q=C%C3%B4ng+ngh%E1%BB%87+when%3A1d&hl=vi&gl=VN&ceid=VN:vi
2025-04-12 19:47:36,042 - INFO - Found 100 articles via HTTP request
2025-04-12 19:47:36,042 - INFO - Article 1: No title
2025-04-12 19:47:36,042 - INFO - Article 2: No title
2025-04-12 19:47:36,042 - INFO - Article 3: No title
2025-04-12 19:47:36,042 - INFO - Article 4: No title
2025-04-12 19:47:36,042 - INFO - Article 5: No title
2025-04-12 19:47:36,042 - INFO - Trying direct Google Search as it's more reliable
2025-04-12 19:47:36,042 - INFO - Searching with Google Search: https://www.google.com/search?q=C%C3%B4ng+ngh%E1%BB%87&tbm=nws
2025-04-12 19:47:36,545 - INFO - Saved Google Search response to google_search_response.html
2025-04-12 19:47:36,547 - INFO - Found 0 results with selector 'div.g a'
2025-04-12 19:47:36,550 - INFO - Found 15 results with selector 'a[href^="https://"]'
2025-04-12 19:47:36,550 - INFO - Found article URL from Google Search: https://vnexpress.net/bayer-va-siemens-healthineers-gioi-thieu-cong-nghe-chan-doan-hinh-anh-moi-4873217.html
2025-04-12 19:47:36,550 - INFO - Successfully found URL with HTTP request: https://vnexpress.net/bayer-va-siemens-healthineers-gioi-thieu-cong-nghe-chan-doan-hinh-anh-moi-4873217.html
2025-04-12 19:47:36,550 - INFO - Found article URL: https://vnexpress.net/bayer-va-siemens-healthineers-gioi-thieu-cong-nghe-chan-doan-hinh-anh-moi-4873217.html, extracting content...
2025-04-12 19:47:36,553 - INFO - Extracting content from: https://vnexpress.net/bayer-va-siemens-healthineers-gioi-thieu-cong-nghe-chan-doan-hinh-anh-moi-4873217.html
2025-04-12 19:47:36,553 - INFO - Detected domain: vnexpress.net
2025-04-12 19:47:36,652 - INFO - Using custom selectors for domain: vnexpress.net
2025-04-12 19:47:36,665 - INFO - Successfully extracted content using custom selectors (Title length: 73, Content length: 6430)
2025-04-12 19:47:36,665 - INFO - Successfully extracted content from URL: https://vnexpress.net/bayer-va-siemens-healthineers-gioi-thieu-cong-nghe-chan-doan-hinh-anh-moi-4873217.html
2025-04-12 19:47:36,665 - INFO - Title: Bayer và Siemens Healthineers giới thiệu công nghệ chẩn đoán hình ảnh mới
2025-04-12 19:47:36,665 - INFO - Content length: 6430
2025-04-12 19:47:36,678 - INFO - Saved article to JSON file: output/Công_nghệ_1_20250412_194736.json
2025-04-12 19:47:36,678 - WARNING - URL đã xử lý trước đó, bỏ qua: https://vnexpress.net/bayer-va-siemens-healthineers-gioi-thieu-cong-nghe-chan-doan-hinh-anh-moi-4873217.html
2025-04-12 19:47:36,678 - INFO - Tìm kiếm bài viết thứ 1/2 cho danh mục: Kinh doanh
2025-04-12 19:47:36,678 - INFO - Fetching category with ID 2 from backend
2025-04-12 19:47:38,798 - INFO - Successfully fetched category: Kinh doanh
2025-04-12 19:47:38,798 - INFO - Using category name 'Kinh doanh' as search keyword
2025-04-12 19:47:38,798 - INFO - Searching for keyword: 'Kinh doanh' and non-accented version: 'Kinh doanh'
2025-04-12 19:47:38,798 - INFO - Trying to search with keyword: 'Kinh doanh'
2025-04-12 19:47:38,798 - INFO - Using HTTP request method for: 'Kinh doanh'
2025-04-12 19:47:38,798 - INFO - Searching with HTTP request: https://news.google.com/search?q=Kinh+doanh+when%3A1d&hl=vi&gl=VN&ceid=VN:vi
2025-04-12 19:47:39,953 - INFO - Found 100 articles via HTTP request
2025-04-12 19:47:39,953 - INFO - Article 1: No title
2025-04-12 19:47:39,953 - INFO - Article 2: No title
2025-04-12 19:47:39,953 - INFO - Article 3: No title
2025-04-12 19:47:39,953 - INFO - Article 4: No title
2025-04-12 19:47:39,953 - INFO - Article 5: No title
2025-04-12 19:47:39,953 - INFO - Trying direct Google Search as it's more reliable
2025-04-12 19:47:39,953 - INFO - Searching with Google Search: https://www.google.com/search?q=Kinh+doanh&tbm=nws
2025-04-12 19:47:40,504 - INFO - Saved Google Search response to google_search_response.html
2025-04-12 19:47:40,509 - INFO - Found 0 results with selector 'div.g a'
2025-04-12 19:47:40,509 - INFO - Found 19 results with selector 'a[href^="https://"]'
2025-04-12 19:47:40,509 - INFO - Found article URL from Google Search: https://thesaigontimes.vn/kinh-doanh-tren-san-tmdt-buoc-vao-thoi-ky-thanh-loc-nguoi-ban/
2025-04-12 19:47:40,509 - INFO - Successfully found URL with HTTP request: https://thesaigontimes.vn/kinh-doanh-tren-san-tmdt-buoc-vao-thoi-ky-thanh-loc-nguoi-ban/
2025-04-12 19:47:40,509 - INFO - Found article URL: https://thesaigontimes.vn/kinh-doanh-tren-san-tmdt-buoc-vao-thoi-ky-thanh-loc-nguoi-ban/, extracting content...
2025-04-12 19:47:40,509 - INFO - Extracting content from: https://thesaigontimes.vn/kinh-doanh-tren-san-tmdt-buoc-vao-thoi-ky-thanh-loc-nguoi-ban/
2025-04-12 19:47:40,509 - INFO - Detected domain: thesaigontimes.vn
2025-04-12 19:47:42,030 - INFO - Using trafilatura for content extraction
2025-04-12 19:47:42,133 - INFO - Successfully extracted content using trafilatura (Title length: 63, Content length: 7066)
2025-04-12 19:47:42,133 - INFO - Successfully extracted content from URL: https://thesaigontimes.vn/kinh-doanh-tren-san-tmdt-buoc-vao-thoi-ky-thanh-loc-nguoi-ban/
2025-04-12 19:47:42,133 - INFO - Title: Kinh doanh trên sàn TMĐT bước vào thời kỳ 'thanh lọc' người bán
2025-04-12 19:47:42,133 - INFO - Content length: 7066
2025-04-12 19:47:42,133 - INFO - Saved article to JSON file: output/Kinh_doanh_2_20250412_194742.json
2025-04-12 19:47:42,133 - INFO - Đã tìm thấy bài viết: Kinh doanh trên sàn TMĐT bước vào thời kỳ 'thanh lọc' người bán
2025-04-12 19:47:42,133 - INFO - URL: https://thesaigontimes.vn/kinh-doanh-tren-san-tmdt-buoc-vao-thoi-ky-thanh-loc-nguoi-ban/
2025-04-12 19:47:42,133 - INFO - Đã lưu vào: Không lưu file
2025-04-12 19:47:44,138 - INFO - Tìm kiếm bài viết thứ 2/2 cho danh mục: Kinh doanh
2025-04-12 19:47:44,138 - INFO - Fetching category with ID 2 from backend
2025-04-12 19:47:46,271 - INFO - Successfully fetched category: Kinh doanh
2025-04-12 19:47:46,271 - INFO - Using category name 'Kinh doanh' as search keyword
2025-04-12 19:47:46,271 - INFO - Searching for keyword: 'Kinh doanh' and non-accented version: 'Kinh doanh'
2025-04-12 19:47:46,271 - INFO - Trying to search with keyword: 'Kinh doanh'
2025-04-12 19:47:46,271 - INFO - Using HTTP request method for: 'Kinh doanh'
2025-04-12 19:47:46,271 - INFO - Searching with HTTP request: https://news.google.com/search?q=Kinh+doanh+when%3A1d&hl=vi&gl=VN&ceid=VN:vi
2025-04-12 19:47:47,160 - INFO - Found 100 articles via HTTP request
2025-04-12 19:47:47,160 - INFO - Article 1: No title
2025-04-12 19:47:47,160 - INFO - Article 2: No title
2025-04-12 19:47:47,160 - INFO - Article 3: No title
2025-04-12 19:47:47,160 - INFO - Article 4: No title
2025-04-12 19:47:47,160 - INFO - Article 5: No title
2025-04-12 19:47:47,160 - INFO - Trying direct Google Search as it's more reliable
2025-04-12 19:47:47,160 - INFO - Searching with Google Search: https://www.google.com/search?q=Kinh+doanh&tbm=nws
2025-04-12 19:47:47,786 - INFO - Saved Google Search response to google_search_response.html
2025-04-12 19:47:47,786 - INFO - Found 0 results with selector 'div.g a'
2025-04-12 19:47:47,796 - INFO - Found 19 results with selector 'a[href^="https://"]'
2025-04-12 19:47:47,796 - INFO - Found article URL from Google Search: https://thesaigontimes.vn/kinh-doanh-tren-san-tmdt-buoc-vao-thoi-ky-thanh-loc-nguoi-ban/
2025-04-12 19:47:47,796 - INFO - Successfully found URL with HTTP request: https://thesaigontimes.vn/kinh-doanh-tren-san-tmdt-buoc-vao-thoi-ky-thanh-loc-nguoi-ban/
2025-04-12 19:47:47,796 - INFO - Found article URL: https://thesaigontimes.vn/kinh-doanh-tren-san-tmdt-buoc-vao-thoi-ky-thanh-loc-nguoi-ban/, extracting content...
2025-04-12 19:47:47,797 - INFO - Extracting content from: https://thesaigontimes.vn/kinh-doanh-tren-san-tmdt-buoc-vao-thoi-ky-thanh-loc-nguoi-ban/
2025-04-12 19:47:47,797 - INFO - Detected domain: thesaigontimes.vn
2025-04-12 19:47:47,862 - INFO - Using trafilatura for content extraction
2025-04-12 19:47:47,963 - INFO - Successfully extracted content using trafilatura (Title length: 63, Content length: 7066)
2025-04-12 19:47:47,963 - INFO - Successfully extracted content from URL: https://thesaigontimes.vn/kinh-doanh-tren-san-tmdt-buoc-vao-thoi-ky-thanh-loc-nguoi-ban/
2025-04-12 19:47:47,963 - INFO - Title: Kinh doanh trên sàn TMĐT bước vào thời kỳ 'thanh lọc' người bán
2025-04-12 19:47:47,963 - INFO - Content length: 7066
2025-04-12 19:47:47,963 - INFO - Saved article to JSON file: output/Kinh_doanh_2_20250412_194747.json
2025-04-12 19:47:47,963 - WARNING - URL đã xử lý trước đó, bỏ qua: https://thesaigontimes.vn/kinh-doanh-tren-san-tmdt-buoc-vao-thoi-ky-thanh-loc-nguoi-ban/
2025-04-12 19:47:47,963 - INFO - Tìm kiếm bài viết thứ 1/2 cho danh mục: Giải trí
2025-04-12 19:47:47,963 - INFO - Fetching category with ID 3 from backend
2025-04-12 19:47:50,081 - INFO - Successfully fetched category: Giải trí
2025-04-12 19:47:50,081 - INFO - Using category name 'Giải trí' as search keyword
2025-04-12 19:47:50,081 - INFO - Searching for keyword: 'Giải trí' and non-accented version: 'Giai tri'
2025-04-12 19:47:50,081 - INFO - Trying to search with keyword: 'Giải trí'
2025-04-12 19:47:50,081 - INFO - Using HTTP request method for: 'Giải trí'
2025-04-12 19:47:50,081 - INFO - Searching with HTTP request: https://news.google.com/search?q=Gi%E1%BA%A3i+tr%C3%AD+when%3A1d&hl=vi&gl=VN&ceid=VN:vi
2025-04-12 19:47:51,102 - INFO - Found 100 articles via HTTP request
2025-04-12 19:47:51,102 - INFO - Article 1: No title
2025-04-12 19:47:51,102 - INFO - Article 2: No title
2025-04-12 19:47:51,102 - INFO - Article 3: No title
2025-04-12 19:47:51,102 - INFO - Article 4: No title
2025-04-12 19:47:51,102 - INFO - Article 5: No title
2025-04-12 19:47:51,102 - INFO - Trying direct Google Search as it's more reliable
2025-04-12 19:47:51,102 - INFO - Searching with Google Search: https://www.google.com/search?q=Gi%E1%BA%A3i+tr%C3%AD&tbm=nws
2025-04-12 19:47:51,661 - INFO - Saved Google Search response to google_search_response.html
2025-04-12 19:47:51,661 - INFO - Found 0 results with selector 'div.g a'
2025-04-12 19:47:51,661 - INFO - Found 18 results with selector 'a[href^="https://"]'
2025-04-12 19:47:51,661 - INFO - Found article URL from Google Search: https://vnexpress.net/lisa-khuay-dong-coachella-4873151.html
2025-04-12 19:47:51,661 - INFO - Successfully found URL with HTTP request: https://vnexpress.net/lisa-khuay-dong-coachella-4873151.html
2025-04-12 19:47:51,661 - INFO - Found article URL: https://vnexpress.net/lisa-khuay-dong-coachella-4873151.html, extracting content...
2025-04-12 19:47:51,661 - INFO - Extracting content from: https://vnexpress.net/lisa-khuay-dong-coachella-4873151.html
2025-04-12 19:47:51,661 - INFO - Detected domain: vnexpress.net
2025-04-12 19:47:51,767 - INFO - Using custom selectors for domain: vnexpress.net
2025-04-12 19:47:51,788 - INFO - Successfully extracted content using custom selectors (Title length: 25, Content length: 3415)
2025-04-12 19:47:51,789 - INFO - Successfully extracted content from URL: https://vnexpress.net/lisa-khuay-dong-coachella-4873151.html
2025-04-12 19:47:51,790 - INFO - Title: Lisa khuấy động Coachella
2025-04-12 19:47:51,790 - INFO - Content length: 3415
2025-04-12 19:47:51,791 - INFO - Saved article to JSON file: output/Giải_trí_3_20250412_194751.json
2025-04-12 19:47:51,791 - INFO - Đã tìm thấy bài viết: Lisa khuấy động Coachella
2025-04-12 19:47:51,791 - INFO - URL: https://vnexpress.net/lisa-khuay-dong-coachella-4873151.html
2025-04-12 19:47:51,791 - INFO - Đã lưu vào: Không lưu file
2025-04-12 19:47:53,799 - INFO - Tìm kiếm bài viết thứ 2/2 cho danh mục: Giải trí
2025-04-12 19:47:53,799 - INFO - Fetching category with ID 3 from backend
2025-04-12 19:47:55,940 - INFO - Successfully fetched category: Giải trí
2025-04-12 19:47:55,940 - INFO - Using category name 'Giải trí' as search keyword
2025-04-12 19:47:55,940 - INFO - Searching for keyword: 'Giải trí' and non-accented version: 'Giai tri'
2025-04-12 19:47:55,940 - INFO - Trying to search with keyword: 'Giải trí'
2025-04-12 19:47:55,940 - INFO - Using HTTP request method for: 'Giải trí'
2025-04-12 19:47:55,940 - INFO - Searching with HTTP request: https://news.google.com/search?q=Gi%E1%BA%A3i+tr%C3%AD+when%3A1d&hl=vi&gl=VN&ceid=VN:vi
2025-04-12 19:47:56,957 - INFO - Found 100 articles via HTTP request
2025-04-12 19:47:56,957 - INFO - Article 1: No title
2025-04-12 19:47:56,957 - INFO - Article 2: No title
2025-04-12 19:47:56,957 - INFO - Article 3: No title
2025-04-12 19:47:56,957 - INFO - Article 4: No title
2025-04-12 19:47:56,957 - INFO - Article 5: No title
2025-04-12 19:47:56,957 - INFO - Trying direct Google Search as it's more reliable
2025-04-12 19:47:56,957 - INFO - Searching with Google Search: https://www.google.com/search?q=Gi%E1%BA%A3i+tr%C3%AD&tbm=nws
2025-04-12 19:47:57,442 - INFO - Saved Google Search response to google_search_response.html
2025-04-12 19:47:57,442 - INFO - Found 0 results with selector 'div.g a'
2025-04-12 19:47:57,442 - INFO - Found 18 results with selector 'a[href^="https://"]'
2025-04-12 19:47:57,442 - INFO - Found article URL from Google Search: https://vnexpress.net/lisa-khuay-dong-coachella-4873151.html
2025-04-12 19:47:57,442 - INFO - Successfully found URL with HTTP request: https://vnexpress.net/lisa-khuay-dong-coachella-4873151.html
2025-04-12 19:47:57,449 - INFO - Found article URL: https://vnexpress.net/lisa-khuay-dong-coachella-4873151.html, extracting content...
2025-04-12 19:47:57,449 - INFO - Extracting content from: https://vnexpress.net/lisa-khuay-dong-coachella-4873151.html
2025-04-12 19:47:57,450 - INFO - Detected domain: vnexpress.net
2025-04-12 19:47:57,538 - INFO - Using custom selectors for domain: vnexpress.net
2025-04-12 19:47:57,554 - INFO - Successfully extracted content using custom selectors (Title length: 25, Content length: 3415)
2025-04-12 19:47:57,554 - INFO - Successfully extracted content from URL: https://vnexpress.net/lisa-khuay-dong-coachella-4873151.html
2025-04-12 19:47:57,554 - INFO - Title: Lisa khuấy động Coachella
2025-04-12 19:47:57,564 - INFO - Content length: 3415
2025-04-12 19:47:57,564 - INFO - Saved article to JSON file: output/Giải_trí_3_20250412_194757.json
2025-04-12 19:47:57,565 - WARNING - URL đã xử lý trước đó, bỏ qua: https://vnexpress.net/lisa-khuay-dong-coachella-4873151.html
2025-04-12 19:47:57,565 - INFO - Tìm kiếm bài viết thứ 1/2 cho danh mục: Thể thao
2025-04-12 19:47:57,565 - INFO - Fetching category with ID 4 from backend
2025-04-12 19:47:59,713 - INFO - Successfully fetched category: Thể thao
2025-04-12 19:47:59,713 - INFO - Using category name 'Thể thao' as search keyword
2025-04-12 19:47:59,713 - INFO - Searching for keyword: 'Thể thao' and non-accented version: 'The thao'
2025-04-12 19:47:59,713 - INFO - Trying to search with keyword: 'Thể thao'
2025-04-12 19:47:59,713 - INFO - Using HTTP request method for: 'Thể thao'
2025-04-12 19:47:59,713 - INFO - Searching with HTTP request: https://news.google.com/search?q=Th%E1%BB%83+thao+when%3A1d&hl=vi&gl=VN&ceid=VN:vi
2025-04-12 19:48:00,796 - INFO - Found 100 articles via HTTP request
2025-04-12 19:48:00,796 - INFO - Article 1: No title
2025-04-12 19:48:00,796 - INFO - Article 2: No title
2025-04-12 19:48:00,796 - INFO - Article 3: No title
2025-04-12 19:48:00,796 - INFO - Article 4: No title
2025-04-12 19:48:00,796 - INFO - Article 5: No title
2025-04-12 19:48:00,796 - INFO - Trying direct Google Search as it's more reliable
2025-04-12 19:48:00,796 - INFO - Searching with Google Search: https://www.google.com/search?q=Th%E1%BB%83+thao&tbm=nws
2025-04-12 19:48:01,506 - INFO - Saved Google Search response to google_search_response.html
2025-04-12 19:48:01,509 - INFO - Found 0 results with selector 'div.g a'
2025-04-12 19:48:01,509 - INFO - Found 17 results with selector 'a[href^="https://"]'
2025-04-12 19:48:01,509 - INFO - Found article URL from Google Search: https://www.24h.com.vn/the-thao/nong-nhat-the-thao-sang-12-4-djokovic-roi-vao-tinh-canh-cua-federer-nadal-c101a1656036.html
2025-04-12 19:48:01,509 - INFO - Successfully found URL with HTTP request: https://www.24h.com.vn/the-thao/nong-nhat-the-thao-sang-12-4-djokovic-roi-vao-tinh-canh-cua-federer-nadal-c101a1656036.html
2025-04-12 19:48:01,509 - INFO - Found article URL: https://www.24h.com.vn/the-thao/nong-nhat-the-thao-sang-12-4-djokovic-roi-vao-tinh-canh-cua-federer-nadal-c101a1656036.html, extracting content...
2025-04-12 19:48:01,509 - INFO - Extracting content from: https://www.24h.com.vn/the-thao/nong-nhat-the-thao-sang-12-4-djokovic-roi-vao-tinh-canh-cua-federer-nadal-c101a1656036.html
2025-04-12 19:48:01,509 - INFO - Detected domain: www.24h.com.vn
2025-04-12 19:48:01,843 - INFO - Using trafilatura for content extraction
2025-04-12 19:48:02,000 - INFO - Successfully extracted content using trafilatura (Title length: 77, Content length: 7099)
2025-04-12 19:48:02,000 - INFO - Successfully extracted content from URL: https://www.24h.com.vn/the-thao/nong-nhat-the-thao-sang-12-4-djokovic-roi-vao-tinh-canh-cua-federer-nadal-c101a1656036.html
2025-04-12 19:48:02,000 - INFO - Title: Nóng nhất thể thao tối 12/4: Olympic bỏ nội dung rowing thế mạnh của Việt Nam
2025-04-12 19:48:02,000 - INFO - Content length: 7099
2025-04-12 19:48:02,000 - INFO - Saved article to JSON file: output/Thể_thao_4_20250412_194802.json
2025-04-12 19:48:02,000 - INFO - Đã tìm thấy bài viết: Nóng nhất thể thao tối 12/4: Olympic bỏ nội dung rowing thế mạnh của Việt Nam
2025-04-12 19:48:02,000 - INFO - URL: https://www.24h.com.vn/the-thao/nong-nhat-the-thao-sang-12-4-djokovic-roi-vao-tinh-canh-cua-federer-nadal-c101a1656036.html
2025-04-12 19:48:02,000 - INFO - Đã lưu vào: Không lưu file
2025-04-12 19:48:04,000 - INFO - Tìm kiếm bài viết thứ 2/2 cho danh mục: Thể thao
2025-04-12 19:48:04,000 - INFO - Fetching category with ID 4 from backend
2025-04-12 19:48:06,133 - INFO - Successfully fetched category: Thể thao
2025-04-12 19:48:06,133 - INFO - Using category name 'Thể thao' as search keyword
2025-04-12 19:48:06,133 - INFO - Searching for keyword: 'Thể thao' and non-accented version: 'The thao'
2025-04-12 19:48:06,133 - INFO - Trying to search with keyword: 'Thể thao'
2025-04-12 19:48:06,133 - INFO - Using HTTP request method for: 'Thể thao'
2025-04-12 19:48:06,133 - INFO - Searching with HTTP request: https://news.google.com/search?q=Th%E1%BB%83+thao+when%3A1d&hl=vi&gl=VN&ceid=VN:vi
2025-04-12 19:48:07,248 - INFO - Found 100 articles via HTTP request
2025-04-12 19:48:07,248 - INFO - Article 1: No title
2025-04-12 19:48:07,248 - INFO - Article 2: No title
2025-04-12 19:48:07,248 - INFO - Article 3: No title
2025-04-12 19:48:07,248 - INFO - Article 4: No title
2025-04-12 19:48:07,248 - INFO - Article 5: No title
2025-04-12 19:48:07,248 - INFO - Trying direct Google Search as it's more reliable
2025-04-12 19:48:07,248 - INFO - Searching with Google Search: https://www.google.com/search?q=Th%E1%BB%83+thao&tbm=nws
2025-04-12 19:48:07,860 - INFO - Saved Google Search response to google_search_response.html
2025-04-12 19:48:07,860 - INFO - Found 0 results with selector 'div.g a'
2025-04-12 19:48:07,860 - INFO - Found 21 results with selector 'a[href^="https://"]'
2025-04-12 19:48:07,860 - INFO - Found article URL from Google Search: https://www.24h.com.vn/the-thao/nong-nhat-the-thao-sang-12-4-djokovic-roi-vao-tinh-canh-cua-federer-nadal-c101a1656036.html
2025-04-12 19:48:07,860 - INFO - Successfully found URL with HTTP request: https://www.24h.com.vn/the-thao/nong-nhat-the-thao-sang-12-4-djokovic-roi-vao-tinh-canh-cua-federer-nadal-c101a1656036.html
2025-04-12 19:48:07,868 - INFO - Found article URL: https://www.24h.com.vn/the-thao/nong-nhat-the-thao-sang-12-4-djokovic-roi-vao-tinh-canh-cua-federer-nadal-c101a1656036.html, extracting content...
2025-04-12 19:48:07,868 - INFO - Extracting content from: https://www.24h.com.vn/the-thao/nong-nhat-the-thao-sang-12-4-djokovic-roi-vao-tinh-canh-cua-federer-nadal-c101a1656036.html
2025-04-12 19:48:07,868 - INFO - Detected domain: www.24h.com.vn
2025-04-12 19:48:08,127 - INFO - Using trafilatura for content extraction
2025-04-12 19:48:08,205 - INFO - Successfully extracted content using trafilatura (Title length: 77, Content length: 7099)
2025-04-12 19:48:08,205 - INFO - Successfully extracted content from URL: https://www.24h.com.vn/the-thao/nong-nhat-the-thao-sang-12-4-djokovic-roi-vao-tinh-canh-cua-federer-nadal-c101a1656036.html
2025-04-12 19:48:08,205 - INFO - Title: Nóng nhất thể thao tối 12/4: Olympic bỏ nội dung rowing thế mạnh của Việt Nam
2025-04-12 19:48:08,206 - INFO - Content length: 7099
2025-04-12 19:48:08,206 - INFO - Saved article to JSON file: output/Thể_thao_4_20250412_194808.json
2025-04-12 19:48:08,206 - WARNING - URL đã xử lý trước đó, bỏ qua: https://www.24h.com.vn/the-thao/nong-nhat-the-thao-sang-12-4-djokovic-roi-vao-tinh-canh-cua-federer-nadal-c101a1656036.html
2025-04-12 19:48:08,206 - INFO - Tìm kiếm bài viết thứ 1/2 cho danh mục: Kinh tế
2025-04-12 19:48:08,206 - INFO - Fetching category with ID 6 from backend
2025-04-12 19:48:10,363 - INFO - Successfully fetched category: Kinh tế
2025-04-12 19:48:10,363 - INFO - Using category name 'Kinh tế' as search keyword
2025-04-12 19:48:10,363 - INFO - Searching for keyword: 'Kinh tế' and non-accented version: 'Kinh te'
2025-04-12 19:48:10,363 - INFO - Trying to search with keyword: 'Kinh tế'
2025-04-12 19:48:10,363 - INFO - Using HTTP request method for: 'Kinh tế'
2025-04-12 19:48:10,363 - INFO - Searching with HTTP request: https://news.google.com/search?q=Kinh+t%E1%BA%BF+when%3A1d&hl=vi&gl=VN&ceid=VN:vi
2025-04-12 19:48:11,401 - INFO - Found 100 articles via HTTP request
2025-04-12 19:48:11,401 - INFO - Article 1: No title
2025-04-12 19:48:11,401 - INFO - Article 2: No title
2025-04-12 19:48:11,401 - INFO - Article 3: No title
2025-04-12 19:48:11,401 - INFO - Article 4: No title
2025-04-12 19:48:11,401 - INFO - Article 5: No title
2025-04-12 19:48:11,401 - INFO - Trying direct Google Search as it's more reliable
2025-04-12 19:48:11,401 - INFO - Searching with Google Search: https://www.google.com/search?q=Kinh+t%E1%BA%BF&tbm=nws
2025-04-12 19:48:12,169 - INFO - Saved Google Search response to google_search_response.html
2025-04-12 19:48:12,173 - INFO - Found 0 results with selector 'div.g a'
2025-04-12 19:48:12,177 - INFO - Found 27 results with selector 'a[href^="https://"]'
2025-04-12 19:48:12,178 - INFO - Found article URL from Google Search: https://kinhtedothi.vn/tin-tuc-kinh-te-12-4-uob-du-bao-ty-gia-se-vuot-27-000-dong-usd.670829.html
2025-04-12 19:48:12,178 - INFO - Successfully found URL with HTTP request: https://kinhtedothi.vn/tin-tuc-kinh-te-12-4-uob-du-bao-ty-gia-se-vuot-27-000-dong-usd.670829.html
2025-04-12 19:48:12,178 - INFO - Found article URL: https://kinhtedothi.vn/tin-tuc-kinh-te-12-4-uob-du-bao-ty-gia-se-vuot-27-000-dong-usd.670829.html, extracting content...
2025-04-12 19:48:12,179 - INFO - Extracting content from: https://kinhtedothi.vn/tin-tuc-kinh-te-12-4-uob-du-bao-ty-gia-se-vuot-27-000-dong-usd.670829.html
2025-04-12 19:48:12,179 - INFO - Detected domain: kinhtedothi.vn
2025-04-12 19:48:12,678 - INFO - Using trafilatura for content extraction
2025-04-12 19:48:13,116 - INFO - Successfully extracted content using trafilatura (Title length: 63, Content length: 4852)
2025-04-12 19:48:13,119 - INFO - Successfully extracted content from URL: https://kinhtedothi.vn/tin-tuc-kinh-te-12-4-uob-du-bao-ty-gia-se-vuot-27-000-dong-usd.670829.html
2025-04-12 19:48:13,119 - INFO - Title: Tin tức kinh tế 12/4: UOB dự báo tỷ giá sẽ vượt 27.000 đồng/USD
2025-04-12 19:48:13,119 - INFO - Content length: 4852
2025-04-12 19:48:13,119 - INFO - Saved article to JSON file: output/Kinh_tế_6_20250412_194813.json
2025-04-12 19:48:13,119 - INFO - Đã tìm thấy bài viết: Tin tức kinh tế 12/4: UOB dự báo tỷ giá sẽ vượt 27.000 đồng/USD
2025-04-12 19:48:13,119 - INFO - URL: https://kinhtedothi.vn/tin-tuc-kinh-te-12-4-uob-du-bao-ty-gia-se-vuot-27-000-dong-usd.670829.html
2025-04-12 19:48:13,119 - INFO - Đã lưu vào: Không lưu file
2025-04-12 19:48:15,123 - INFO - Tìm kiếm bài viết thứ 2/2 cho danh mục: Kinh tế
2025-04-12 19:48:15,123 - INFO - Fetching category with ID 6 from backend
2025-04-12 19:48:17,251 - INFO - Successfully fetched category: Kinh tế
2025-04-12 19:48:17,251 - INFO - Using category name 'Kinh tế' as search keyword
2025-04-12 19:48:17,251 - INFO - Searching for keyword: 'Kinh tế' and non-accented version: 'Kinh te'
2025-04-12 19:48:17,251 - INFO - Trying to search with keyword: 'Kinh tế'
2025-04-12 19:48:17,251 - INFO - Using HTTP request method for: 'Kinh tế'
2025-04-12 19:48:17,251 - INFO - Searching with HTTP request: https://news.google.com/search?q=Kinh+t%E1%BA%BF+when%3A1d&hl=vi&gl=VN&ceid=VN:vi
2025-04-12 19:48:18,328 - INFO - Found 100 articles via HTTP request
2025-04-12 19:48:18,328 - INFO - Article 1: No title
2025-04-12 19:48:18,328 - INFO - Article 2: No title
2025-04-12 19:48:18,328 - INFO - Article 3: No title
2025-04-12 19:48:18,328 - INFO - Article 4: No title
2025-04-12 19:48:18,328 - INFO - Article 5: No title
2025-04-12 19:48:18,328 - INFO - Trying direct Google Search as it's more reliable
2025-04-12 19:48:18,328 - INFO - Searching with Google Search: https://www.google.com/search?q=Kinh+t%E1%BA%BF&tbm=nws
2025-04-12 19:48:18,883 - INFO - Saved Google Search response to google_search_response.html
2025-04-12 19:48:18,889 - INFO - Found 0 results with selector 'div.g a'
2025-04-12 19:48:18,892 - INFO - Found 27 results with selector 'a[href^="https://"]'
2025-04-12 19:48:18,893 - INFO - Found article URL from Google Search: https://kinhtedothi.vn/tin-tuc-kinh-te-12-4-uob-du-bao-ty-gia-se-vuot-27-000-dong-usd.670829.html
2025-04-12 19:48:18,893 - INFO - Successfully found URL with HTTP request: https://kinhtedothi.vn/tin-tuc-kinh-te-12-4-uob-du-bao-ty-gia-se-vuot-27-000-dong-usd.670829.html
2025-04-12 19:48:18,893 - INFO - Found article URL: https://kinhtedothi.vn/tin-tuc-kinh-te-12-4-uob-du-bao-ty-gia-se-vuot-27-000-dong-usd.670829.html, extracting content...
2025-04-12 19:48:18,893 - INFO - Extracting content from: https://kinhtedothi.vn/tin-tuc-kinh-te-12-4-uob-du-bao-ty-gia-se-vuot-27-000-dong-usd.670829.html
2025-04-12 19:48:18,893 - INFO - Detected domain: kinhtedothi.vn
2025-04-12 19:48:19,204 - INFO - Using trafilatura for content extraction
2025-04-12 19:48:19,417 - INFO - Successfully extracted content using trafilatura (Title length: 63, Content length: 4852)
2025-04-12 19:48:19,417 - INFO - Successfully extracted content from URL: https://kinhtedothi.vn/tin-tuc-kinh-te-12-4-uob-du-bao-ty-gia-se-vuot-27-000-dong-usd.670829.html
2025-04-12 19:48:19,417 - INFO - Title: Tin tức kinh tế 12/4: UOB dự báo tỷ giá sẽ vượt 27.000 đồng/USD
2025-04-12 19:48:19,417 - INFO - Content length: 4852
2025-04-12 19:48:19,417 - INFO - Saved article to JSON file: output/Kinh_tế_6_20250412_194819.json
2025-04-12 19:48:19,417 - WARNING - URL đã xử lý trước đó, bỏ qua: https://kinhtedothi.vn/tin-tuc-kinh-te-12-4-uob-du-bao-ty-gia-se-vuot-27-000-dong-usd.670829.html
2025-04-12 19:48:19,429 - INFO - Bắt đầu lưu tất cả bài viết vào file JSON duy nhất, dữ liệu đầu vào: <class 'dict'>
2025-04-12 19:48:19,429 - INFO - Cấu trúc results: ['success', 'failed', 'articles_by_category', 'all_articles', 'total_articles']
2025-04-12 19:48:19,429 - INFO - Sử dụng 5 bài viết từ all_articles
2025-04-12 19:48:19,439 - INFO - Đã lấy nội dung từ file: output/Công_nghệ_1_20250412_194730.json
2025-04-12 19:48:19,448 - INFO - Đã lấy nội dung từ file: output/Kinh_doanh_2_20250412_194742.json
2025-04-12 19:48:19,457 - INFO - Đã lấy nội dung từ file: output/Giải_trí_3_20250412_194751.json
2025-04-12 19:48:19,467 - INFO - Đã lấy nội dung từ file: output/Thể_thao_4_20250412_194802.json
2025-04-12 19:48:19,475 - INFO - Đã lấy nội dung từ file: output/Kinh_tế_6_20250412_194813.json
2025-04-12 19:48:19,479 - INFO - Đã lưu 5 bài viết vào file JSON duy nhất: F:\magazine-ai-system\ai_service\scraper\output\all_articles_20250412_194819_35f90b50.json
2025-04-12 19:48:19,479 - INFO - Bài viết mẫu: Title=Bayer và Siemens Healthineers giới thiệu công nghệ chẩn đoán hình ảnh mới, Content length=6430
2025-04-12 19:48:19,479 - INFO - Đang import bài viết từ file: F:\magazine-ai-system\ai_service\scraper\output\all_articles_20250412_194819_35f90b50.json
2025-04-12 19:48:19,492 - INFO - Đang import 5 bài viết
2025-04-12 19:48:19,492 - INFO - Mẫu bài viết đầu tiên: Title=Bayer và Siemens Healthineers giới thiệu công nghệ chẩn đoán hình ảnh mới, Content length=6430, Source=vnexpress.net
2025-04-12 19:48:19,494 - INFO - Thử import với endpoint: http://localhost:8000/api/articles/import
2025-04-12 19:48:21,694 - INFO - Phản hồi từ endpoint import: Status code: 200
2025-04-12 19:48:21,694 - INFO - Phản hồi nội dung: {"status":"success","message":"\u0110\u00e3 import th\u00e0nh c\u00f4ng 5 b\u00e0i vi\u1ebft","skipped":0,"execution_time":"0.04s","errors":[]}
2025-04-12 19:48:21,694 - INFO - Import thành công với endpoint import: 5 thành công, 0 thất bại
2025-04-12 19:48:21,696 - INFO - Đã xóa file JSON sau khi import thành công: F:\magazine-ai-system\ai_service\scraper\output\all_articles_20250412_194819_35f90b50.json
