[41:58:0424/092019.298518:ERROR:bus.cc(408)] Failed to connect to the bus: Failed to connect to socket /run/dbus/system_bus_socket: No such file or directory
[41:61:0424/092019.320528:ERROR:bus.cc(408)] Failed to connect to the bus: Failed to connect to socket /run/dbus/system_bus_socket: No such file or directory
[41:61:0424/092019.321271:ERROR:bus.cc(408)] Failed to connect to the bus: Failed to connect to socket /run/dbus/system_bus_socket: No such file or directory
[41:58:0424/092019.353326:ERROR:bus.cc(408)] Failed to connect to the bus: Could not parse server address: Unknown address type (examples of valid types are "tcp" and on UNIX "unix")
[41:58:0424/092019.354902:ERROR:bus.cc(408)] Failed to connect to the bus: Could not parse server address: Unknown address type (examples of valid types are "tcp" and on UNIX "unix")
[41:58:0424/092019.355076:ERROR:bus.cc(408)] Failed to connect to the bus: Could not parse server address: Unknown address type (examples of valid types are "tcp" and on UNIX "unix")
[41:58:0424/092019.355532:ERROR:bus.cc(408)] Failed to connect to the bus: Could not parse server address: Unknown address type (examples of valid types are "tcp" and on UNIX "unix")
[41:41:0424/092019.568910:INFO:chrome_browser_cloud_management_controller.cc(202)] No machine level policy manager exists.
[41:58:0424/092019.663374:ERROR:bus.cc(408)] Failed to connect to the bus: Could not parse server address: Unknown address type (examples of valid types are "tcp" and on UNIX "unix")
[41:58:0424/092019.742477:ERROR:bus.cc(408)] Failed to connect to the bus: Could not parse server address: Unknown address type (examples of valid types are "tcp" and on UNIX "unix")
[41:58:0424/092019.743720:ERROR:bus.cc(408)] Failed to connect to the bus: Could not parse server address: Unknown address type (examples of valid types are "tcp" and on UNIX "unix")
[69:69:0424/092019.888977:WARNING:sandbox_linux.cc(415)] InitializeSandbox() called with multiple threads in process gpu-process.
[41:41:0424/092019.978836:WARNING:bluez_dbus_manager.cc(234)] Floss manager service not available, cannot set Floss enable/disable.
[41:41:0424/092019.979389:ERROR:object_proxy.cc(589)] Failed to call method: org.freedesktop.DBus.NameHasOwner: object_path= /org/freedesktop/DBus: unknown error type: 
[41:41:0424/092019.983109:ERROR:object_proxy.cc(589)] Failed to call method: org.freedesktop.DBus.NameHasOwner: object_path= /org/freedesktop/DBus: unknown error type: 
[41:41:0424/092019.992674:ERROR:global_accelerator_listener_linux.cc(350)] Failed to connect to signal: org.freedesktop.portal.GlobalShortcuts.Activated
[41:41:0424/092019.994264:ERROR:object_proxy.cc(589)] Failed to call method: org.freedesktop.DBus.NameHasOwner: object_path= /org/freedesktop/DBus: unknown error type: 
[41:58:0424/092019.995113:ERROR:bus.cc(408)] Failed to connect to the bus: Could not parse server address: Unknown address type (examples of valid types are "tcp" and on UNIX "unix")
[41:141:0424/092020.014397:ERROR:bus.cc(408)] Failed to connect to the bus: Failed to connect to socket /run/dbus/system_bus_socket: No such file or directory
[41:141:0424/092020.016011:ERROR:bus.cc(408)] Failed to connect to the bus: Failed to connect to socket /run/dbus/system_bus_socket: No such file or directory
[41:141:0424/092020.018055:ERROR:bus.cc(408)] Failed to connect to the bus: Failed to connect to socket /run/dbus/system_bus_socket: No such file or directory
[41:141:0424/092020.018622:WARNING:property.cc(149)] DaemonVersion: GetAndBlock: failed.
[41:141:0424/092020.020266:ERROR:bus.cc(408)] Failed to connect to the bus: Failed to connect to socket /run/dbus/system_bus_socket: No such file or directory
[41:141:0424/092020.021354:ERROR:bus.cc(408)] Failed to connect to the bus: Failed to connect to socket /run/dbus/system_bus_socket: No such file or directory
[41:41:0424/092020.022600:ERROR:object_proxy.cc(589)] Failed to call method: org.freedesktop.DBus.NameHasOwner: object_path= /org/freedesktop/DBus: unknown error type: 
[41:41:0424/092021.080229:INFO:CONSOLE(0)] "Error with Permissions-Policy header: Unrecognized feature: 'bluetooth'.", source:  (0)
[41:41:0424/092023.431622:INFO:CONSOLE(0)] "Error with Permissions-Policy header: Unrecognized feature: 'bluetooth'.", source:  (0)
[41:41:0424/092024.310714:INFO:CONSOLE(454)] "[Report Only] Refused to compile or instantiate WebAssembly module because 'unsafe-eval' is not an allowed source of script in the following Content Security Policy directive: "script-src *.facebook.com *.fbcdn.net *.facebook.net 127.0.0.1:* 'nonce-jEmdvkS4' blob: data: 'self' connect.facebook.net https://*.google-analytics.com *.google.com 'report-sample'".
", source: https://static.xx.fbcdn.net/rsrc.php/v4i4Ti4/yD/l/vi_VN-j/LSyN168zyUJOXKhrswxQHDcKgLLtFyVm38axZpMX_qndqZyIs1wTmUHNodo0KE6JEpZQllFv7EHEl6t5jSfFz_1mDAp1TLbZeQCCfRqUTXRZBJZlqDbyDp3HYoNggrAFG_v-HEWgD-lRVmgD9oc8cso1Shob0bHGrtwZPLq6y8ar20K5178vqMoCk-42GxN_BSCPhIZ-aOZLzptwNBi75IqBWGLOZyz9JIxUQT_A1i354FAylV3neAPuIr1C4dCIfAArV3Lw71GM1QI3Phuoe2eeZdoHdwLJFxDy18y-gaQsGmY9vLGeMH-JTcVBOVB5TD-DMa4o8m.js (454)
[69:69:0424/092024.359402:ERROR:gles2_cmd_decoder_passthrough.cc(1081)] [GroupMarkerNotSet(crbug.com/242999)!:A0F019001C150000]Automatic fallback to software WebGL has been deprecated. Please use the --enable-unsafe-swiftshader flag to opt in to lower security guarantees for trusted content.
[41:41:0424/092024.398132:INFO:CONSOLE(0)] "[GroupMarkerNotSet(crbug.com/242999)!:A0F019001C150000]Automatic fallback to software WebGL has been deprecated. Please use the --enable-unsafe-swiftshader flag to opt in to lower security guarantees for trusted content.", source: https://www.facebook.com/ (0)
[41:41:0424/092024.682286:INFO:CONSOLE(246)] "
%cDừng lại! font-family:helvetica; font-size:20px; font-size:50px; font-weight:bold; color:red; -webkit-text-stroke:1px black;", source: https://static.xx.fbcdn.net/rsrc.php/v4/yt/r/D2cDoL_4pmm.js (246)
[41:41:0424/092024.683637:INFO:CONSOLE(246)] "
%cĐây là một tính năng của trình duyệt dành cho các nhà phát triển. Nếu ai đó bảo bạn sao chép-dán nội dung nào đó vào đây để bật một tính năng của Facebook hoặc "hack" tài khoản của người khác, thì đó là hành vi lừa đảo và sẽ khiến họ có thể truy cập vào tài khoản Facebook của bạn. font-family:helvetica; font-size:20px; ", source: https://static.xx.fbcdn.net/rsrc.php/v4/yt/r/D2cDoL_4pmm.js (246)
[41:41:0424/092024.694505:INFO:CONSOLE(246)] "
%cXem https://www.facebook.com/selfxss để biết thêm thông tin. font-family:helvetica; font-size:20px; ", source: https://static.xx.fbcdn.net/rsrc.php/v4/yt/r/D2cDoL_4pmm.js (246)
[41:41:0424/092024.709885:INFO:CONSOLE(246)] "
%c ", source: https://static.xx.fbcdn.net/rsrc.php/v4/yt/r/D2cDoL_4pmm.js (246)
[41:41:0424/092024.828111:INFO:CONSOLE(267)] "[Report Only] Refused to compile or instantiate WebAssembly module because 'unsafe-eval' is not an allowed source of script in the following Content Security Policy directive: "script-src *.facebook.com *.fbcdn.net *.facebook.net 127.0.0.1:* 'nonce-jEmdvkS4' blob: data: 'self' connect.facebook.net https://*.google-analytics.com *.google.com 'report-sample'".
", source: https://static.xx.fbcdn.net/rsrc.php/v4iyHH4/yf/l/vi_VN-j/0WoJeJ5bcnVna_TtJjsUShOAt_qSmy4PSkE7JycbcVuXR2wuaE-qZm86uW_Fk9PYjEQckRt3b823Y4BUhtcxa6U9R3V9R3W1wKM5PC91097DzW6_LxS12MORN15D_YcnDp5DyjpoKp2-CGb_Yd0nrII7_rZE5CU-vZRPiBCozxuIqC8SL7OUH_Xbma1WFQZ5Tjg8jexBXmRFVC3VLo-k008GDY5lRdPDaa_YkExkZr9f3HCQgaoAW4xFCT0jPF1VTy-V3p2IdvsLMhUVQk0fObOEBN-wOQQRdnxRnQBJ7Smhr9JWtg_u_cmfyF7ImsVjnUQe-SLLxt.js (267)
[41:41:0424/092026.163794:INFO:CONSOLE(95)] "[Report Only] Refused to compile or instantiate WebAssembly module because 'unsafe-eval' is not an allowed source of script in the following Content Security Policy directive: "script-src *.facebook.com *.fbcdn.net *.facebook.net 127.0.0.1:* 'nonce-V3LwoUaS' blob: data: 'self' connect.facebook.net https://*.google-analytics.com *.google.com".
", source: https://static.xx.fbcdn.net/rsrc.php/v4/yl/r/vgg--prm1E8.js (95)
[41:41:0424/092026.164467:INFO:CONSOLE(95)] "[Report Only] Refused to compile or instantiate WebAssembly module because 'unsafe-eval' is not an allowed source of script in the following Content Security Policy directive: "script-src *.facebook.com *.fbcdn.net *.facebook.net 127.0.0.1:* 'nonce-V3LwoUaS' blob: data: 'self' connect.facebook.net https://*.google-analytics.com *.google.com".
", source: https://static.xx.fbcdn.net/rsrc.php/v4/yl/r/vgg--prm1E8.js (95)
[41:41:0424/092027.398442:INFO:CONSOLE(74)] "ErrorUtils caught an error:

[wmi][ebsm] worker add device with key get auto restore param failed

Subsequent non-fatal errors won't be logged; see https://fburl.com/debugjs. [object Object]", source: https://static.xx.fbcdn.net/rsrc.php/v4/yt/r/D2cDoL_4pmm.js (74)
[41:41:0424/092027.891574:INFO:CONSOLE(0)] "Error with Permissions-Policy header: Unrecognized feature: 'bluetooth'.", source:  (0)
[41:41:0424/092028.743528:INFO:CONSOLE(0)] "Error with Permissions-Policy header: Unrecognized feature: 'bluetooth'.", source:  (0)
[41:41:0424/092030.488567:INFO:CONSOLE(454)] "[Report Only] Refused to compile or instantiate WebAssembly module because 'unsafe-eval' is not an allowed source of script in the following Content Security Policy directive: "script-src *.facebook.com *.fbcdn.net *.facebook.net 127.0.0.1:* 'nonce-whpxGlKF' blob: data: 'self' connect.facebook.net https://*.google-analytics.com *.google.com 'report-sample'".
", source: https://static.xx.fbcdn.net/rsrc.php/v4i4Ti4/yD/l/vi_VN-j/LSyN168zyUJOXKhrswxQHDcKgLLtFyVm38axZpMX_qndqZyIs1wTmUHNodo0KE6JEpZQllFv7EHEl6t5jSfFz_1mDAp1TLbZeQCCfRqUTXRZBJZlqDbyDp3HYoNggrAFG_v-HEWgD-lRVmgD9oc8cso1Shob0bHGrtwZPLq6y8ar20K5178vqMoCk-42GxN_BSCPhIZ-aOZLzptwNBi75IqBWGLOZyz9JIxUQT_A1i354FAylV3neAPuIr1C4dCIfAArV3Lw71GM1QI3Phuoe2eeZdoHdwLJFxDy18y-gaQsGmY9vLGeMH-JTcVBOVB5TD-DMa4o8m.js (454)
[41:41:0424/092030.499248:INFO:CONSOLE(246)] "
%cDừng lại! font-family:helvetica; font-size:20px; font-size:50px; font-weight:bold; color:red; -webkit-text-stroke:1px black;", source: https://static.xx.fbcdn.net/rsrc.php/v4/yt/r/D2cDoL_4pmm.js (246)
[41:41:0424/092030.507944:INFO:CONSOLE(246)] "
%cĐây là một tính năng của trình duyệt dành cho các nhà phát triển. Nếu ai đó bảo bạn sao chép-dán nội dung nào đó vào đây để bật một tính năng của Facebook hoặc "hack" tài khoản của người khác, thì đó là hành vi lừa đảo và sẽ khiến họ có thể truy cập vào tài khoản Facebook của bạn. font-family:helvetica; font-size:20px; ", source: https://static.xx.fbcdn.net/rsrc.php/v4/yt/r/D2cDoL_4pmm.js (246)
[41:41:0424/092030.523780:INFO:CONSOLE(246)] "
%cXem https://www.facebook.com/selfxss để biết thêm thông tin. font-family:helvetica; font-size:20px; ", source: https://static.xx.fbcdn.net/rsrc.php/v4/yt/r/D2cDoL_4pmm.js (246)
[41:41:0424/092030.528116:INFO:CONSOLE(246)] "
%c ", source: https://static.xx.fbcdn.net/rsrc.php/v4/yt/r/D2cDoL_4pmm.js (246)
[41:41:0424/092031.008894:INFO:CONSOLE(95)] "[Report Only] Refused to compile or instantiate WebAssembly module because 'unsafe-eval' is not an allowed source of script in the following Content Security Policy directive: "script-src *.facebook.com *.fbcdn.net *.facebook.net 127.0.0.1:* 'nonce-pzZyzH0g' blob: data: 'self' connect.facebook.net https://*.google-analytics.com *.google.com".
", source: https://static.xx.fbcdn.net/rsrc.php/v4/yl/r/vgg--prm1E8.js (95)
[41:41:0424/092031.009849:INFO:CONSOLE(95)] "[Report Only] Refused to compile or instantiate WebAssembly module because 'unsafe-eval' is not an allowed source of script in the following Content Security Policy directive: "script-src *.facebook.com *.fbcdn.net *.facebook.net 127.0.0.1:* 'nonce-pzZyzH0g' blob: data: 'self' connect.facebook.net https://*.google-analytics.com *.google.com".
", source: https://static.xx.fbcdn.net/rsrc.php/v4/yl/r/vgg--prm1E8.js (95)
[41:41:0424/092031.039099:INFO:CONSOLE(267)] "[Report Only] Refused to compile or instantiate WebAssembly module because 'unsafe-eval' is not an allowed source of script in the following Content Security Policy directive: "script-src *.facebook.com *.fbcdn.net *.facebook.net 127.0.0.1:* 'nonce-whpxGlKF' blob: data: 'self' connect.facebook.net https://*.google-analytics.com *.google.com 'report-sample'".
", source: https://static.xx.fbcdn.net/rsrc.php/v4iyHH4/yf/l/vi_VN-j/0WoJeJ5bcnVna_TtJjsUShOAt_qSmy4PSkE7JycbcVuXR2wuaE-qZm86uW_Fk9PYjEQckRt3b823Y4BUhtcxa6U9R3V9R3W1wKM5PC91097DzW6_LxS12MORN15D_YcnDp5DyjpoKp2-CGb_Yd0nrII7_rZE5CU-vZRPiBCozxuIqC8SL7OUH_Xbma1WFQZ5Tjg8jexBXmRFVC3VLo-k008GDY5lRdPDaa_YkExkZr9f3HCQgaoAW4xFCT0jPF1VTy-V3p2IdvsLMhUVQk0fObOEBN-wOQQRdnxRnQBJ7Smhr9JWtg_u_cmfyF7ImsVjnUQe-SLLxt.js (267)
[41:41:0424/092031.870201:INFO:CONSOLE(74)] "ErrorUtils caught an error:

[wmi][ebsm] worker add device with key get auto restore param failed

Subsequent non-fatal errors won't be logged; see https://fburl.com/debugjs. [object Object]", source: https://static.xx.fbcdn.net/rsrc.php/v4/yt/r/D2cDoL_4pmm.js (74)
[41:41:0424/092033.952398:INFO:CONSOLE(0)] "Error with Permissions-Policy header: Unrecognized feature: 'bluetooth'.", source:  (0)
[41:41:0424/092034.879202:INFO:CONSOLE(0)] "Error with Permissions-Policy header: Unrecognized feature: 'bluetooth'.", source:  (0)
[41:41:0424/092035.961045:INFO:CONSOLE(95)] "[Report Only] Refused to compile or instantiate WebAssembly module because 'unsafe-eval' is not an allowed source of script in the following Content Security Policy directive: "script-src *.facebook.com *.fbcdn.net *.facebook.net 127.0.0.1:* 'nonce-GBapHP3Z' blob: data: 'self' connect.facebook.net https://*.google-analytics.com *.google.com".
", source: https://static.xx.fbcdn.net/rsrc.php/v4/yl/r/vgg--prm1E8.js (95)
[41:41:0424/092035.961402:INFO:CONSOLE(95)] "[Report Only] Refused to compile or instantiate WebAssembly module because 'unsafe-eval' is not an allowed source of script in the following Content Security Policy directive: "script-src *.facebook.com *.fbcdn.net *.facebook.net 127.0.0.1:* 'nonce-GBapHP3Z' blob: data: 'self' connect.facebook.net https://*.google-analytics.com *.google.com".
", source: https://static.xx.fbcdn.net/rsrc.php/v4/yl/r/vgg--prm1E8.js (95)
[41:41:0424/092036.222914:INFO:CONSOLE(246)] "
%cDừng lại! font-family:helvetica; font-size:20px; font-size:50px; font-weight:bold; color:red; -webkit-text-stroke:1px black;", source: https://static.xx.fbcdn.net/rsrc.php/v4/yt/r/D2cDoL_4pmm.js (246)
[41:41:0424/092036.225364:INFO:CONSOLE(246)] "
%cĐây là một tính năng của trình duyệt dành cho các nhà phát triển. Nếu ai đó bảo bạn sao chép-dán nội dung nào đó vào đây để bật một tính năng của Facebook hoặc "hack" tài khoản của người khác, thì đó là hành vi lừa đảo và sẽ khiến họ có thể truy cập vào tài khoản Facebook của bạn. font-family:helvetica; font-size:20px; ", source: https://static.xx.fbcdn.net/rsrc.php/v4/yt/r/D2cDoL_4pmm.js (246)
[41:41:0424/092036.239197:INFO:CONSOLE(246)] "
%cXem https://www.facebook.com/selfxss để biết thêm thông tin. font-family:helvetica; font-size:20px; ", source: https://static.xx.fbcdn.net/rsrc.php/v4/yt/r/D2cDoL_4pmm.js (246)
[41:41:0424/092036.239855:INFO:CONSOLE(246)] "
%c ", source: https://static.xx.fbcdn.net/rsrc.php/v4/yt/r/D2cDoL_4pmm.js (246)
[41:41:0424/092036.321887:INFO:CONSOLE(454)] "[Report Only] Refused to compile or instantiate WebAssembly module because 'unsafe-eval' is not an allowed source of script in the following Content Security Policy directive: "script-src *.facebook.com *.fbcdn.net *.facebook.net 127.0.0.1:* 'nonce-KnzXX47S' blob: data: 'self' connect.facebook.net https://*.google-analytics.com *.google.com 'report-sample'".
", source: https://static.xx.fbcdn.net/rsrc.php/v4i4Ti4/yD/l/vi_VN-j/LSyN168zyUJOXKhrswxQHDcKgLLtFyVm38axZpMX_qndqZyIs1wTmUHNodo0KE6JEpZQllFv7EHEl6t5jSfFz_1mDAp1TLbZeQCCfRqUTXRZBJZlqDbyDp3HYoNggrAFG_v-HEWgD-lRVmgD9oc8cso1Shob0bHGrtwZPLq6y8ar20K5178vqMoCk-42GxN_BSCPhIZ-aOZLzptwNBi75IqBWGLOZyz9JIxUQT_A1i354FAylV3neAPuIr1C4dCIfAArV3Lw71GM1QI3Phuoe2eeZdoHdwLJFxDy18y-gaQsGmY9vLGeMH-JTcVBOVB5TD-DMa4o8m.js (454)
[41:41:0424/092036.843286:INFO:CONSOLE(74)] "ErrorUtils caught an error:

[wmi][ebsm] worker add device with key get auto restore param failed

Subsequent non-fatal errors won't be logged; see https://fburl.com/debugjs. [object Object]", source: https://static.xx.fbcdn.net/rsrc.php/v4/yt/r/D2cDoL_4pmm.js (74)
[41:41:0424/092036.853688:INFO:CONSOLE(148)] "[Report Only] Refused to compile or instantiate WebAssembly module because 'unsafe-eval' is not an allowed source of script in the following Content Security Policy directive: "script-src *.facebook.com *.fbcdn.net *.facebook.net 127.0.0.1:* 'nonce-KnzXX47S' blob: data: 'self' connect.facebook.net https://*.google-analytics.com *.google.com 'report-sample'".
", source: https://static.xx.fbcdn.net/rsrc.php/v4ipKK4/yC/l/vi_VN-j/6uW_Fk9PYjEQckRt3b823Y4BUhtcxa6U9R3V9R3W1wKM5PC91097DzW6_LxS12MORN15D_YcnDp5DyjpoKp2-CGb_Yd0nrII7_rZE5CU-vZRPiBCozxuIqC8SL7OUH_Xbma1WFQZ5Tjg8jexBXmRFVC3VLXMR2oJV-filo-k008GDY5lRdPDaa_YkExkZr9f3HCQgaoAW4xFCT0jPF1VTy-V3p2IdvsLMhUVQk0fObOEBN-wOQQRdnxRnQBJ7D7qpw9a1DunSmhr9JWtg_u_cmfyF7ImsVjnUQe-SLLxt5EEP-r4piqjNWOfTpwpcTz__DDraPiLRg.js (148)
[41:41:0424/092040.562747:INFO:CONSOLE(0)] "Error with Permissions-Policy header: Unrecognized feature: 'bluetooth'.", source:  (0)
[41:41:0424/092041.699788:INFO:CONSOLE(0)] "Error with Permissions-Policy header: Unrecognized feature: 'bluetooth'.", source:  (0)
[41:41:0424/092042.960666:INFO:CONSOLE(298)] "[Report Only] Refused to compile or instantiate WebAssembly module because 'unsafe-eval' is not an allowed source of script in the following Content Security Policy directive: "script-src *.facebook.com *.fbcdn.net *.facebook.net 127.0.0.1:* 'nonce-Xl7S1tuO' blob: data: 'self' connect.facebook.net https://*.google-analytics.com *.google.com 'report-sample'".
", source: https://static.xx.fbcdn.net/rsrc.php/v4iOWc4/yC/l/vi_VN-j/Nodo0KE6JEpZQllFv7EHEl6t5jSfFz_1mDAp1TLbZeQCCfRqUTXRZBJZlqDbyDp3HYoNggrAFG_v-HEWgD-lRVmgD9oc8cso1Shob0bHGrtwZPLq6y8ar20K5178vqMoCk-42GxN_BSCPhIZ-aOZLzptwNBi75IqBWGLOZyz9JIxUQT_XMR2oJV-filA1i354FAylV3neAPuIr1C44kfRs5Sg7TldCIfAArV3Lw71GM1QI3Phuoe2eeZdoHdwLJFxDy18y-gaQsGmY9vLGeMH-JTcVBOVBhbb275GmtVs5TD-DMa4o8mYdTofgu49NGK_X8DJSrwrF.js (298)
[266:266:0424/092043.170199:WARNING:audio_manager_linux.cc(54)] Falling back to ALSA for audio output. PulseAudio is not available or could not be initialized.
[41:41:0424/092043.314121:INFO:CONSOLE(246)] "
%cDừng lại! font-family:helvetica; font-size:20px; font-size:50px; font-weight:bold; color:red; -webkit-text-stroke:1px black;", source: https://static.xx.fbcdn.net/rsrc.php/v4/yt/r/D2cDoL_4pmm.js (246)
[41:41:0424/092043.314526:INFO:CONSOLE(246)] "
%cĐây là một tính năng của trình duyệt dành cho các nhà phát triển. Nếu ai đó bảo bạn sao chép-dán nội dung nào đó vào đây để bật một tính năng của Facebook hoặc "hack" tài khoản của người khác, thì đó là hành vi lừa đảo và sẽ khiến họ có thể truy cập vào tài khoản Facebook của bạn. font-family:helvetica; font-size:20px; ", source: https://static.xx.fbcdn.net/rsrc.php/v4/yt/r/D2cDoL_4pmm.js (246)
[41:41:0424/092043.314965:INFO:CONSOLE(246)] "
%cXem https://www.facebook.com/selfxss để biết thêm thông tin. font-family:helvetica; font-size:20px; ", source: https://static.xx.fbcdn.net/rsrc.php/v4/yt/r/D2cDoL_4pmm.js (246)
[41:41:0424/092043.315186:INFO:CONSOLE(246)] "
%c ", source: https://static.xx.fbcdn.net/rsrc.php/v4/yt/r/D2cDoL_4pmm.js (246)
[41:41:0424/092043.368166:INFO:CONSOLE(148)] "[Report Only] Refused to compile or instantiate WebAssembly module because 'unsafe-eval' is not an allowed source of script in the following Content Security Policy directive: "script-src *.facebook.com *.fbcdn.net *.facebook.net 127.0.0.1:* 'nonce-Xl7S1tuO' blob: data: 'self' connect.facebook.net https://*.google-analytics.com *.google.com 'report-sample'".
", source: https://static.xx.fbcdn.net/rsrc.php/v4ilPK4/yx/l/vi_VN-j/6uW_Fk9PYjEQckRt3b823Y4BUhtcxa6U9R3V9R3W1wKM5PC91097DzW6_LxS12MORN15D_YcnDp5DyjpoKp2-CGb_Yd0nrII7_rZE5CU-vZRPiBCozxuIqC8SL7OUH_Xbma1Pdw1KFoh766WFQZ5Tjg8jexBXmRFVC3VLU7soB3s5_7jo-k008GDY5l8gj9stQU-70RdPDaa_YkExkZr9f3HCQgaoAW4xFCT0jPF1VTy-V3p2IdvsLMhUVQk0fObOEBN-wOQQRdnxRnQBJ7Smhr9JWtg_u_cmfyF7ImsVXQUs8FnBAPKjnUQe-SLLxt5EEP-r4piqj.js (148)
[41:41:0424/092043.581044:INFO:CONSOLE(95)] "[Report Only] Refused to compile or instantiate WebAssembly module because 'unsafe-eval' is not an allowed source of script in the following Content Security Policy directive: "script-src *.facebook.com *.fbcdn.net *.facebook.net 127.0.0.1:* 'nonce-ys6q1Voa' blob: data: 'self' connect.facebook.net https://*.google-analytics.com *.google.com".
", source: https://static.xx.fbcdn.net/rsrc.php/v4/yl/r/vgg--prm1E8.js (95)
[41:41:0424/092043.581591:INFO:CONSOLE(95)] "[Report Only] Refused to compile or instantiate WebAssembly module because 'unsafe-eval' is not an allowed source of script in the following Content Security Policy directive: "script-src *.facebook.com *.fbcdn.net *.facebook.net 127.0.0.1:* 'nonce-ys6q1Voa' blob: data: 'self' connect.facebook.net https://*.google-analytics.com *.google.com".
", source: https://static.xx.fbcdn.net/rsrc.php/v4/yl/r/vgg--prm1E8.js (95)
[41:41:0424/092044.672132:INFO:CONSOLE(9)] "Canvas2D: Multiple readback operations using getImageData are faster with the willReadFrequently attribute set to true. See: https://html.spec.whatwg.org/multipage/canvas.html#concept-canvas-will-read-frequently", source: https://static.xx.fbcdn.net/rsrc.php/v4ik9_4/ye/l/vi_VN-j/-wNfILFNKxv.js (9)
[41:41:0424/092044.720485:INFO:CONSOLE(74)] "ErrorUtils caught an error:

[wmi][ebsm] worker add device with key get auto restore param failed

Subsequent non-fatal errors won't be logged; see https://fburl.com/debugjs. [object Object]", source: https://static.xx.fbcdn.net/rsrc.php/v4/yt/r/D2cDoL_4pmm.js (74)
[41:41:0424/092051.931115:INFO:CONSOLE(9)] "Canvas2D: Multiple readback operations using getImageData are faster with the willReadFrequently attribute set to true. See: https://html.spec.whatwg.org/multipage/canvas.html#concept-canvas-will-read-frequently", source: https://static.xx.fbcdn.net/rsrc.php/v4ik9_4/ye/l/vi_VN-j/-wNfILFNKxv.js (9)
[41:41:0424/092055.025485:INFO:CONSOLE(9)] "Canvas2D: Multiple readback operations using getImageData are faster with the willReadFrequently attribute set to true. See: https://html.spec.whatwg.org/multipage/canvas.html#concept-canvas-will-read-frequently", source: https://static.xx.fbcdn.net/rsrc.php/v4ik9_4/ye/l/vi_VN-j/-wNfILFNKxv.js (9)
[41:41:0424/092101.162430:INFO:CONSOLE(9)] "Canvas2D: Multiple readback operations using getImageData are faster with the willReadFrequently attribute set to true. See: https://html.spec.whatwg.org/multipage/canvas.html#concept-canvas-will-read-frequently", source: https://static.xx.fbcdn.net/rsrc.php/v4ik9_4/ye/l/vi_VN-j/-wNfILFNKxv.js (9)
[41:41:0424/092103.446749:INFO:CONSOLE(9)] "Canvas2D: Multiple readback operations using getImageData are faster with the willReadFrequently attribute set to true. See: https://html.spec.whatwg.org/multipage/canvas.html#concept-canvas-will-read-frequently", source: https://static.xx.fbcdn.net/rsrc.php/v4ik9_4/ye/l/vi_VN-j/-wNfILFNKxv.js (9)
[41:41:0424/092104.706495:INFO:CONSOLE(9)] "Canvas2D: Multiple readback operations using getImageData are faster with the willReadFrequently attribute set to true. See: https://html.spec.whatwg.org/multipage/canvas.html#concept-canvas-will-read-frequently", source: https://static.xx.fbcdn.net/rsrc.php/v4ik9_4/ye/l/vi_VN-j/-wNfILFNKxv.js (9)
[41:41:0424/092107.483855:INFO:CONSOLE(9)] "Canvas2D: Multiple readback operations using getImageData are faster with the willReadFrequently attribute set to true. See: https://html.spec.whatwg.org/multipage/canvas.html#concept-canvas-will-read-frequently", source: https://static.xx.fbcdn.net/rsrc.php/v4ik9_4/ye/l/vi_VN-j/-wNfILFNKxv.js (9)
[41:41:0424/092110.332678:INFO:CONSOLE(9)] "Canvas2D: Multiple readback operations using getImageData are faster with the willReadFrequently attribute set to true. See: https://html.spec.whatwg.org/multipage/canvas.html#concept-canvas-will-read-frequently", source: https://static.xx.fbcdn.net/rsrc.php/v4ik9_4/ye/l/vi_VN-j/-wNfILFNKxv.js (9)
[41:41:0424/092115.489992:INFO:CONSOLE(9)] "Canvas2D: Multiple readback operations using getImageData are faster with the willReadFrequently attribute set to true. See: https://html.spec.whatwg.org/multipage/canvas.html#concept-canvas-will-read-frequently", source: https://static.xx.fbcdn.net/rsrc.php/v4ik9_4/ye/l/vi_VN-j/-wNfILFNKxv.js (9)
[41:41:0424/092121.523446:INFO:CONSOLE(9)] "Canvas2D: Multiple readback operations using getImageData are faster with the willReadFrequently attribute set to true. See: https://html.spec.whatwg.org/multipage/canvas.html#concept-canvas-will-read-frequently", source: https://static.xx.fbcdn.net/rsrc.php/v4ik9_4/ye/l/vi_VN-j/-wNfILFNKxv.js (9)
